生成启动时间为 2015/7/7 星期二 5:03:55。
     1>项目“D:\code\c++\MFC\MFCDialog\ConnectionInit\ConnectionInit.vcxproj”在节点 2 上(Build 个目标)。
     1>InitializeBuildStatus:
         正在对“Debug\ConnectionInit.unsuccessfulbuild”执行 Touch 任务。
       ClCompile:
         D:\Program Files (x86)\Microsoft Visual Studio 11.0\VC\bin\CL.exe /c /ZI /nologo /W3 /WX- /sdl /Od /Oy- /D WIN32 /D _DEBUG /D _CONSOLE /D _UNICODE /D UNICODE /D _AFXDLL /Gm /EHsc /RTC1 /MDd /GS /fp:precise /Zc:wchar_t /Zc:forScope /Fo"Debug\\" /Fd"Debug\vc110.pdb" /Gd /TP /analyze- /errorReport:prompt CreatePPPoERasEntry.cpp CreateRasEntry.cpp
         CreateRasEntry.cpp
         _WIN32_WINNT not defined. Defaulting to _WIN32_WINNT_MAXVER (see WinSDKVer.h)
         CreatePPPoERasEntry.cpp
         _WIN32_WINNT not defined. Defaulting to _WIN32_WINNT_MAXVER (see WinSDKVer.h)
         正在生成代码...
       Link:
         D:\Program Files (x86)\Microsoft Visual Studio 11.0\VC\bin\link.exe /ERRORREPORT:PROMPT /OUT:"D:\code\c++\MFC\MFCDialog\Debug\ConnectionInit.exe" /INCREMENTAL /NOLOGO sqlite3.lib /MANIFEST /MANIFESTUAC:"level='asInvoker' uiAccess='false'" /manifest:embed /manifestinput:"D:\Program Files (x86)\Microsoft Visual Studio 11.0\VC\Include\Manifest\dpiaware.manifest" /DEBUG /PDB:"D:\code\c++\MFC\MFCDialog\Debug\ConnectionInit.pdb" /SUBSYSTEM:CONSOLE /TLBID:1 /DYNAMICBASE /NXCOMPAT /IMPLIB:"D:\code\c++\MFC\MFCDialog\Debug\ConnectionInit.lib" /MACHINE:X86 Debug\CreatePPPoERasEntry.obj
         Debug\CreateRasEntry.obj
         ConnectionInit.vcxproj -> D:\code\c++\MFC\MFCDialog\Debug\ConnectionInit.exe
       FinalizeBuildStatus:
         正在删除文件“Debug\ConnectionInit.unsuccessfulbuild”。
         正在对“Debug\ConnectionInit.lastbuildstate”执行 Touch 任务。
     1>已完成生成项目“D:\code\c++\MFC\MFCDialog\ConnectionInit\ConnectionInit.vcxproj”(Build 个目标)的操作。

生成成功。

已用时间 00:00:05.95
