D:\CODE\C++\MFC\MFCDIALOG\MFCDIALOG\DEBUG\MFCDIALOG.PCH
D:\CODE\C++\MFC\MFCDIALOG\MFCDIALOG\DEBUG\STDAFX.OBJ
D:\CODE\C++\MFC\MFCDIALOG\MFCDIALOG\DEBUG\VC110.PDB
D:\CODE\C++\MFC\MFCDIALOG\MFCDIALOG\DEBUG\MFCDIALOGT.PCH
D:\CODE\C++\MFC\MFCDIALOG\MFCDIALOG\DEBUG\MFCDIALOG.OBJ
D:\CODE\C++\MFC\MFCDIALOG\MFCDIALOG\DEBUG\MFCDIALOGDLG.OBJ
D:\CODE\C++\MFC\MFCDIALOG\DEBUG\MFCDIALOG.ILK
D:\CODE\C++\MFC\MFCDIALOG\DEBUG\MFCDIALOG.EXE
D:\CODE\C++\MFC\MFCDIALOG\DEBUG\MFCDIALOG.PDB
D:\CODE\C++\MFC\MFCDIALOG\DEBUG\MFCDIALOGT.ILK
D:\CODE\C++\MFC\MFCDIALOG\DEBUG\MFCDIALOGT.EXE
D:\CODE\C++\MFC\MFCDIALOG\DEBUG\MFCDIALOGT.PDB
D:\CODE\C++\MFC\MFCDIALOG\MFCDIALOG\DEBUG\MFCDIALOG.RES
D:\code\c++\MFC\MFCDialog\MFCDialog\Debug\MFCDialog.obj
D:\code\c++\MFC\MFCDialog\MFCDialog\Debug\MFCDialogDlg.obj
D:\code\c++\MFC\MFCDialog\MFCDialog\Debug\stdafx.obj
D:\code\c++\MFC\MFCDialog\MFCDialog\Debug\cl.command.1.tlog
D:\code\c++\MFC\MFCDialog\MFCDialog\Debug\CL.read.1.tlog
D:\code\c++\MFC\MFCDialog\MFCDialog\Debug\CL.write.1.tlog
D:\code\c++\MFC\MFCDialog\MFCDialog\Debug\link-cvtres.read.1.tlog
D:\code\c++\MFC\MFCDialog\MFCDialog\Debug\link-cvtres.write.1.tlog
D:\code\c++\MFC\MFCDialog\MFCDialog\Debug\link-mt.read.1.tlog
D:\code\c++\MFC\MFCDialog\MFCDialog\Debug\link-mt.write.1.tlog
D:\code\c++\MFC\MFCDialog\MFCDialog\Debug\link-rc.read.1.tlog
D:\code\c++\MFC\MFCDialog\MFCDialog\Debug\link-rc.write.1.tlog
D:\code\c++\MFC\MFCDialog\MFCDialog\Debug\link.command.1.tlog
D:\code\c++\MFC\MFCDialog\MFCDialog\Debug\link.read.1.tlog
D:\code\c++\MFC\MFCDialog\MFCDialog\Debug\link.write.1.tlog
D:\code\c++\MFC\MFCDialog\MFCDialog\Debug\rc.command.1.tlog
D:\code\c++\MFC\MFCDialog\MFCDialog\Debug\rc.read.1.tlog
D:\code\c++\MFC\MFCDialog\MFCDialog\Debug\rc.write.1.tlog
D:\code\c++\MFC\MFCDialog\MFCDialog\Debug\MFCDialog.res
D:\code\c++\MFC\MFCDialog\MFCDialog\Debug\MFCDialog.pch
D:\code\c++\MFC\MFCDialog\MFCDialog\Debug\MFCDialogt.pch
D:\code\c++\MFC\MFCDialog\MFCDialog\Debug\vc110.idb
D:\code\c++\MFC\MFCDialog\MFCDialog\Debug\vc110.pdb
D:\code\c++\MFC\MFCDialog\Debug\MFCDialog.pdb
D:\code\c++\MFC\MFCDialog\Debug\MFCDialog.exe
D:\code\c++\MFC\MFCDialog\Debug\MFCDialog.ilk
