d:\workspace\code\c++\mfc\mfcdialog\mfcdialog\release\connection.pch
d:\workspace\code\c++\mfc\mfcdialog\mfcdialog\release\vc120.pdb
d:\workspace\code\c++\mfc\mfcdialog\mfcdialog\release\stdafx.obj
d:\workspace\code\c++\mfc\mfcdialog\mfcdialog\release\mfcdialogst.obj
d:\workspace\code\c++\mfc\mfcdialog\mfcdialog\release\mfcdialogdlg.obj
d:\workspace\code\c++\mfc\mfcdialog\mfcdialog\release\mfcdialog.obj
d:\workspace\code\c++\mfc\mfcdialog\mfcdialog\release\heartbeatsocket.obj
d:\workspace\code\c++\mfc\mfcdialog\mfcdialog\release\connection.obj
d:\workspace\code\c++\mfc\mfcdialog\mfcdialog\release\accountinfo.obj
d:\workspace\code\c++\mfc\mfcdialog\release\connection.exe
d:\workspace\code\c++\mfc\mfcdialog\release\connection.pdb
d:\workspace\code\c++\mfc\mfcdialog\mfcdialog\release\mfcdialog.res
d:\workspace\code\c++\mfc\mfcdialog\mfcdialog\release\connection.tlog\cl.command.1.tlog
d:\workspace\code\c++\mfc\mfcdialog\mfcdialog\release\connection.tlog\cl.read.1.tlog
d:\workspace\code\c++\mfc\mfcdialog\mfcdialog\release\connection.tlog\cl.write.1.tlog
d:\workspace\code\c++\mfc\mfcdialog\mfcdialog\release\connection.tlog\link.command.1.tlog
d:\workspace\code\c++\mfc\mfcdialog\mfcdialog\release\connection.tlog\link.read.1.tlog
d:\workspace\code\c++\mfc\mfcdialog\mfcdialog\release\connection.tlog\link.write.1.tlog
d:\workspace\code\c++\mfc\mfcdialog\mfcdialog\release\connection.tlog\rc.command.1.tlog
d:\workspace\code\c++\mfc\mfcdialog\mfcdialog\release\connection.tlog\rc.read.1.tlog
d:\workspace\code\c++\mfc\mfcdialog\mfcdialog\release\connection.tlog\rc.write.1.tlog
