D:\CODE\C++\MFC\MFCDIALOG\MFCDIALOG\RELEASE\MFCDIALOGDLG.OBJ
D:\CODE\C++\MFC\MFCDIALOG\MFCDIALOG\RELEASE\MFCDIALOG.OBJ
D:\CODE\C++\MFC\MFCDIALOG\MFCDIALOG\RELEASE\ACCOUNTINFO.OBJ
D:\CODE\C++\MFC\MFCDIALOG\MFCDIALOG\RELEASE\MFCDIALOG.PCH
D:\CODE\C++\MFC\MFCDIALOG\MFCDIALOG\RELEASE\STDAFX.OBJ
D:\CODE\C++\MFC\MFCDIALOG\MFCDIALOG\RELEASE\VC110.PDB
D:\CODE\C++\MFC\MFCDIALOG\MFCDIALOG\RELEASE\MFCDIALOGST.OBJ
D:\CODE\C++\MFC\MFCDIALOG\MFCDIALOG\RELEASE\HEARTBEATSOCKET.OBJ
D:\CODE\C++\MFC\MFCDIALOG\MFCDIALOG\RELEASE\CREATEPPPOERASENTRY.OBJ
D:\CODE\C++\MFC\MFCDIALOG\MFCDIALOG\RELEASE\CONNECTION.OBJ
D:\CODE\C++\MFC\MFCDIALOG\RELEASE\MFCDIALOG.EXE
D:\CODE\C++\MFC\MFCDIALOG\RELEASE\MFCDIALOG.PDB
D:\CODE\C++\MFC\MFCDIALOG\MFCDIALOG\RELEASE\MFCDIALOG.RES
D:\code\c++\MFC\MFCDialog\MFCDialog\Release\AccountInfo.obj
D:\code\c++\MFC\MFCDialog\MFCDialog\Release\Connection.obj
D:\code\c++\MFC\MFCDialog\MFCDialog\Release\CreatePPPoERasEntry.obj
D:\code\c++\MFC\MFCDialog\MFCDialog\Release\HeartbeatSocket.obj
D:\code\c++\MFC\MFCDialog\MFCDialog\Release\MFCDialog.obj
D:\code\c++\MFC\MFCDialog\MFCDialog\Release\MFCDialogDlg.obj
D:\code\c++\MFC\MFCDialog\MFCDialog\Release\MFCDialogSt.obj
D:\code\c++\MFC\MFCDialog\MFCDialog\Release\stdafx.obj
D:\code\c++\MFC\MFCDialog\MFCDialog\Release\cl.command.1.tlog
D:\code\c++\MFC\MFCDialog\MFCDialog\Release\CL.read.1.tlog
D:\code\c++\MFC\MFCDialog\MFCDialog\Release\CL.write.1.tlog
D:\code\c++\MFC\MFCDialog\MFCDialog\Release\link-cvtres.read.1.tlog
D:\code\c++\MFC\MFCDialog\MFCDialog\Release\link-cvtres.write.1.tlog
D:\code\c++\MFC\MFCDialog\MFCDialog\Release\link-mt.read.1.tlog
D:\code\c++\MFC\MFCDialog\MFCDialog\Release\link-mt.write.1.tlog
D:\code\c++\MFC\MFCDialog\MFCDialog\Release\link-rc.read.1.tlog
D:\code\c++\MFC\MFCDialog\MFCDialog\Release\link-rc.write.1.tlog
D:\code\c++\MFC\MFCDialog\MFCDialog\Release\link.command.1.tlog
D:\code\c++\MFC\MFCDialog\MFCDialog\Release\link.read.1.tlog
D:\code\c++\MFC\MFCDialog\MFCDialog\Release\link.read.2.tlog
D:\code\c++\MFC\MFCDialog\MFCDialog\Release\link.write.1.tlog
D:\code\c++\MFC\MFCDialog\MFCDialog\Release\rc.command.1.tlog
D:\code\c++\MFC\MFCDialog\MFCDialog\Release\rc.read.1.tlog
D:\code\c++\MFC\MFCDialog\MFCDialog\Release\rc.write.1.tlog
D:\code\c++\MFC\MFCDialog\MFCDialog\Release\MFCDialog.res
D:\code\c++\MFC\MFCDialog\MFCDialog\Release\MFCDialog.pch
D:\code\c++\MFC\MFCDialog\MFCDialog\Release\vc110.pdb
D:\code\c++\MFC\MFCDialog\Release\MFCDialog.pdb
D:\code\c++\MFC\MFCDialog\Release\MFCDialog.exe
