D:\CODE\C++\MFC\MFCDIALOG\CONNECTIONINIT\RELEASE\CREATERASENTRY.OBJ
D:\CODE\C++\MFC\MFCDIALOG\CONNECTIONINIT\RELEASE\CREATEPPPOERASENTRY.OBJ
D:\CODE\C++\MFC\MFCDIALOG\CONNECTIONINIT\RELEASE\VC110.PDB
D:\CODE\C++\MFC\MFCDIALOG\RELEASE\CONNECTIONINIT.EXE
D:\CODE\C++\MFC\MFCDIALOG\RELEASE\CONNECTIONINIT.PDB
D:\code\c++\MFC\MFCDialog\ConnectionInit\Release\CreatePPPoERasEntry.obj
D:\code\c++\MFC\MFCDialog\ConnectionInit\Release\CreateRasEntry.obj
D:\code\c++\MFC\MFCDialog\ConnectionInit\Release\cl.command.1.tlog
D:\code\c++\MFC\MFCDialog\ConnectionInit\Release\CL.read.1.tlog
D:\code\c++\MFC\MFCDialog\ConnectionInit\Release\CL.write.1.tlog
D:\code\c++\MFC\MFCDialog\ConnectionInit\Release\link-cvtres.read.1.tlog
D:\code\c++\MFC\MFCDialog\ConnectionInit\Release\link-cvtres.write.1.tlog
D:\code\c++\MFC\MFCDialog\ConnectionInit\Release\link-mt.read.1.tlog
D:\code\c++\MFC\MFCDialog\ConnectionInit\Release\link-mt.write.1.tlog
D:\code\c++\MFC\MFCDialog\ConnectionInit\Release\link-rc.read.1.tlog
D:\code\c++\MFC\MFCDialog\ConnectionInit\Release\link-rc.write.1.tlog
D:\code\c++\MFC\MFCDialog\ConnectionInit\Release\link.command.1.tlog
D:\code\c++\MFC\MFCDialog\ConnectionInit\Release\link.read.1.tlog
D:\code\c++\MFC\MFCDialog\ConnectionInit\Release\link.write.1.tlog
D:\code\c++\MFC\MFCDialog\ConnectionInit\Release\vc110.pdb
D:\code\c++\MFC\MFCDialog\Release\ConnectionInit.pdb
D:\code\c++\MFC\MFCDialog\Release\ConnectionInit.exe
